[ERROR] [2022-03-15 19:41:09,974] Unable to retrieve mac addresses!
[ERROR] [2022-03-15 19:41:53,705] Unable to retrieve mac addresses!
[INFO] [2022-03-15 19:47:46,814] Retrieving ...
[ERROR] [2022-03-15 19:47:46,830] Unable to retrieve mac addresses!
[INFO] [2022-03-15 19:49:20,536] Retrieving ...
[ERROR] [2022-03-15 19:49:20,554] Unable to retrieve mac addresses!
[INFO] [2022-03-15 19:50:15,833] Retrieving ...
[ERROR] [2022-03-15 19:50:15,847] Unable to retrieve mac addresses!
[INFO] [2022-03-15 19:51:27,824] Retrieving ...
[INFO] [2022-03-15 19:55:49,894] Retrieving ...
[INFO] [2022-03-15 19:55:49,920] Retrieved succesfuly!
[INFO] [2022-03-15 19:57:45,867] Retrieving ...
[INFO] [2022-03-15 19:57:45,903] Retrieved succesfuly!
[INFO] [2022-03-30 23:36:21,352] Retrieving ...
[INFO] [2022-03-30 23:36:21,383] Retrieved succesfuly!
[ERROR] [2022-03-30 23:41:13,300] Mac types are NOT correct!
[INFO] [2022-03-30 23:41:13,301] Retrieving ...
[INFO] [2022-03-30 23:41:13,339] Retrieved succesfuly!
[INFO] [2022-03-30 23:47:12,967] Retrieving ...
[INFO] [2022-03-30 23:47:12,993] Retrieved succesfuly!
[INFO] [2022-03-30 23:47:42,448] Retrieving ...
[INFO] [2022-03-30 23:47:42,473] Retrieved succesfuly!
[INFO] [2022-03-30 23:47:42,473] Mac types are correct!
[INFO] [2022-03-30 23:54:42,602] Retrieving ...
[INFO] [2022-03-30 23:54:42,644] Retrieved succesfuly!
[ERROR] [2022-03-30 23:54:42,645] Unable to retrieve mac addresses!
[INFO] [2022-03-30 23:56:25,971] Retrieving ...
[INFO] [2022-03-30 23:56:25,992] Retrieved succesfuly!
[ERROR] [2022-03-30 23:56:25,993] Unable to retrieve mac addresses!
[INFO] [2022-03-30 23:56:30,816] Retrieving ...
[INFO] [2022-03-30 23:56:30,847] Retrieved succesfuly!
[ERROR] [2022-03-30 23:56:30,847] Unable to retrieve mac addresses!
[INFO] [2022-03-30 23:56:34,258] Retrieving ...
[INFO] [2022-03-30 23:56:34,286] Retrieved succesfuly!
[ERROR] [2022-03-30 23:56:34,286] Unable to retrieve mac addresses!
[INFO] [2022-03-31 00:00:05,843] Retrieving ...
[ERROR] [2022-03-31 00:00:05,893] Unable to retrieve mac addresses!
[INFO] [2022-03-31 00:14:52,295] Retrieving ...
[ERROR] [2022-03-31 00:14:52,336] Unable to retrieve mac addresses!
[INFO] [2022-03-31 00:14:57,652] Retrieving ...
[ERROR] [2022-03-31 00:14:57,682] Unable to retrieve mac addresses!
[INFO] [2022-03-31 00:16:12,846] Retrieving ...
[INFO] [2022-03-31 00:16:12,971] Mac types are correct!
[ERROR] [2022-03-31 00:16:12,971] Mac addresses are equal!
[INFO] [2022-03-31 00:16:53,098] Retrieving ...
[INFO] [2022-03-31 00:16:53,122] Mac types are correct!
[ERROR] [2022-03-31 00:16:53,122] Mac addresses are equal!
[INFO] [2022-03-31 00:16:54,678] Retrieving ...
[INFO] [2022-03-31 00:16:54,769] Mac types are correct!
[ERROR] [2022-03-31 00:16:54,770] Mac addresses are equal!
[INFO] [2022-03-31 00:16:56,486] Retrieving ...
[INFO] [2022-03-31 00:16:56,556] Mac types are correct!
[ERROR] [2022-03-31 00:16:56,556] Mac addresses are equal!
[INFO] [2022-03-31 00:17:18,761] Retrieving ...
[INFO] [2022-03-31 00:17:19,009] Mac types are correct!
[ERROR] [2022-03-31 00:17:19,010] Mac addresses are equal!
[INFO] [2022-03-31 00:17:20,296] Retrieving ...
[INFO] [2022-03-31 00:17:20,497] Mac types are correct!
[ERROR] [2022-03-31 00:17:20,497] Mac addresses are equal!
[INFO] [2022-03-31 00:25:44,204] Retrieving ...
[INFO] [2022-03-31 00:26:00,793] Mac types are correct!
[ERROR] [2022-03-31 00:26:00,793] Mac addresses are equal!
